
 LOG: POST - / - Sat, 25 Feb 2023 05:30:31 GMT
 LOG: POST - / - Sat, 25 Feb 2023 05:30:44 GMT
 LOG: GET - / - Sat, 25 Feb 2023 05:40:11 GMT
 LOG: GET - / - Sat, 25 Feb 2023 05:40:11 GMT
 LOG: GET - / - Sat, 25 Feb 2023 05:40:29 GMT
 LOG: GET - / - Sat, 25 Feb 2023 05:40:31 GMT
 LOG: POST - /?dsdas - Sat, 25 Feb 2023 05:45:06 GMT
 LOG: POST - /?dsdas - Sat, 25 Feb 2023 05:45:19 GMT
 LOG: POST - /?dsdas - Sat, 25 Feb 2023 05:45:53 GMT
 LOG: POST - /?dsdas - Sat, 25 Feb 2023 05:55:50 GMT
 LOG: GET - / - Sat, 25 Feb 2023 05:55:57 GMT
 LOG: GET - / - Sat, 25 Feb 2023 05:55:57 GMT
 LOG: GET - / - Sat, 25 Feb 2023 05:55:58 GMT
 LOG: GET - / - Sat, 25 Feb 2023 05:55:58 GMT
 LOG: GET - / - Sat, 25 Feb 2023 05:55:58 GMT
 LOG: GET - / - Sat, 25 Feb 2023 05:55:58 GMT
 LOG: GET - / - Sat, 25 Feb 2023 05:55:58 GMT
 LOG: GET - / - Sat, 25 Feb 2023 05:55:58 GMT
 LOG: GET - / - Sat, 25 Feb 2023 05:55:58 GMT
 LOG: GET - / - Sat, 25 Feb 2023 05:55:58 GMT
 LOG: GET - / - Sat, 25 Feb 2023 05:55:59 GMT
 LOG: GET - / - Sat, 25 Feb 2023 05:55:59 GMT
 LOG: GET - / - Sat, 25 Feb 2023 05:55:59 GMT
 LOG: GET - / - Sat, 25 Feb 2023 05:55:59 GMT
 LOG: GET - / - Sat, 25 Feb 2023 05:55:59 GMT
 LOG: GET - / - Sat, 25 Feb 2023 05:55:59 GMT
 LOG: GET - / - Sat, 25 Feb 2023 05:56:07 GMT
 LOG: POST - /?dsdas - Sat, 25 Feb 2023 05:56:17 GMT
 LOG: POST - /?dsdas - Sat, 25 Feb 2023 05:58:39 GMT
 LOG: POST - /?dsdas - Sat, 25 Feb 2023 06:01:48 GMT
 LOG: POST - /?dsdas - Sat, 25 Feb 2023 06:04:09 GMT
 LOG: POST - /?dsdas - Sat, 25 Feb 2023 06:05:45 GMT
 LOG: POST - /?dsdas - Sat, 25 Feb 2023 06:06:00 GMT
 LOG: POST - /?dsdas - Sat, 25 Feb 2023 06:06:08 GMT
 LOG: POST - /?dsdas - Sat, 25 Feb 2023 06:19:29 GMT
 LOG: POST - /?dsdas - Sat, 25 Feb 2023 06:20:21 GMT
 LOG: POST - /?dsdas - Sat, 25 Feb 2023 06:21:34 GMT
 LOG: POST - /?dsdas - Sat, 25 Feb 2023 06:22:02 GMT
 LOG: POST - /?dsdas - Sat, 25 Feb 2023 06:23:00 GMT
 LOG: POST - /?dsdas - Sat, 25 Feb 2023 06:23:40 GMT
 LOG: POST - /?dsdas - Sat, 25 Feb 2023 06:24:00 GMT
 LOG: POST - /?dsdas - Sat, 25 Feb 2023 06:24:18 GMT
 LOG: POST - /?dsdas - Sat, 25 Feb 2023 06:24:47 GMT
 LOG: POST - /?dsdas - Sat, 25 Feb 2023 06:26:10 GMT
 LOG: POST - /?dsdas - Sat, 25 Feb 2023 06:26:30 GMT
 LOG: POST - /?dsdas - Sat, 25 Feb 2023 06:27:54 GMT
 LOG: POST - /?dsdas - Sat, 25 Feb 2023 06:28:21 GMT
 LOG: POST - /?dsdas - Sat, 25 Feb 2023 06:29:41 GMT
 LOG: POST - /?dsdas - Sat, 25 Feb 2023 06:30:30 GMT
 LOG: GET - / - Sat, 25 Feb 2023 06:30:59 GMT
 LOG: GET - / - Sat, 25 Feb 2023 07:39:04 GMT
 LOG: GET - / - Sat, 25 Feb 2023 07:39:05 GMT
 LOG: GET - / - Sat, 25 Feb 2023 07:40:59 GMT
 LOG: GET - / - Sat, 25 Feb 2023 07:41:03 GMT
 LOG: GET - / - Sat, 25 Feb 2023 07:41:07 GMT
 LOG: GET - / - Sat, 25 Feb 2023 07:52:11 GMT
 LOG: GET - / - Sat, 25 Feb 2023 07:52:53 GMT
 Descripcion del erro Error: Failed to lookup view "home" in views directory "C:\Users\Facundo Acosta\Desktop\ProgramacionBackEnd\ProductManager\src/views"
 LOG: GET - / - Sat, 25 Feb 2023 07:54:05 GMT
 Descripcion del erro Error: Failed to lookup view "home" in views directory "C:\Users\Facundo Acosta\Desktop\ProgramacionBackEnd\ProductManager\src/views"
 LOG: GET - / - Sat, 25 Feb 2023 07:54:26 GMT
 Descripcion del error: Error: Failed to lookup view "home" in views directory "C:\Users\Facundo Acosta\Desktop\ProgramacionBackEnd\ProductManager\src/views"
 LOG: POST - /?title=pintura1&description=pintura1&code=pint0001&price=10000&status=true&stock=1000&category=pintura%20de%20latex&thumbnails=asdad12321 - Sat, 11 Mar 2023 17:22:57 GMT
 LOG: POST - /?title=pintura1&description=pintura1&code=pint0001&price=10000&status=true&stock=1000&category=pintura%20de%20latex&thumbnails=asdad12321 - Sat, 11 Mar 2023 17:22:57 GMT- ATENCION....! Se han guardado datos en la DB
 LOG: PUT - / - Sat, 11 Mar 2023 18:00:40 GMT
 LOG: PUT - / - Sat, 11 Mar 2023 18:00:40 GMT
 LOG: PUT - / - Sat, 11 Mar 2023 22:03:00 GMT
 LOG: PUT - / - Sat, 11 Mar 2023 22:03:00 GMT
 LOG: GET - /chat - Sat, 11 Mar 2023 22:16:42 GMT
 Descripcion del error: Error: Failed to lookup view "chat" in views directory "C:\Users\Facundo Acosta\Desktop\ProgramacionBackEnd\ProductManager\src\app\views"
 LOG: GET - /chat - Sat, 11 Mar 2023 22:16:51 GMT
 Descripcion del error: Error: Failed to lookup view "chat" in views directory "C:\Users\Facundo Acosta\Desktop\ProgramacionBackEnd\ProductManager\src\app\views"
 LOG: GET - /chat - Sat, 11 Mar 2023 22:16:52 GMT
 Descripcion del error: Error: Failed to lookup view "chat" in views directory "C:\Users\Facundo Acosta\Desktop\ProgramacionBackEnd\ProductManager\src\app\views"
 LOG: GET - /chat - Sat, 11 Mar 2023 22:16:52 GMT
 Descripcion del error: Error: Failed to lookup view "chat" in views directory "C:\Users\Facundo Acosta\Desktop\ProgramacionBackEnd\ProductManager\src\app\views"
 LOG: GET - /chat - Sat, 11 Mar 2023 22:16:52 GMT
 Descripcion del error: Error: Failed to lookup view "chat" in views directory "C:\Users\Facundo Acosta\Desktop\ProgramacionBackEnd\ProductManager\src\app\views"
 LOG: GET - /chat - Sat, 11 Mar 2023 22:16:52 GMT
 Descripcion del error: Error: Failed to lookup view "chat" in views directory "C:\Users\Facundo Acosta\Desktop\ProgramacionBackEnd\ProductManager\src\app\views"
 LOG: GET - /chat - Sat, 11 Mar 2023 22:16:52 GMT
 Descripcion del error: Error: Failed to lookup view "chat" in views directory "C:\Users\Facundo Acosta\Desktop\ProgramacionBackEnd\ProductManager\src\app\views"
 LOG: GET - /chat - Sat, 11 Mar 2023 22:16:52 GMT
 Descripcion del error: Error: Failed to lookup view "chat" in views directory "C:\Users\Facundo Acosta\Desktop\ProgramacionBackEnd\ProductManager\src\app\views"